<?xml version="1.0" encoding="UTF-8"?>
<!-- Generated by org.testng.reporters.JUnitReportReporter -->
<testsuite hostname="DESKTOP-K9IN149" failures="0" tests="4" name="api.test.UserTests2" time="9.586" errors="0" timestamp="2023-02-09T17:07:24 IST" skipped="0">
  <testcase classname="api.test.UserTests2" name="testPostUser" time="4.395"/>
  <system-out/>
  <testcase classname="api.test.UserTests2" name="testGetUserByName" time="1.335"/>
  <system-out/>
  <testcase classname="api.test.UserTests2" name="testUpdateUserByName" time="2.577"/>
  <system-out/>
  <testcase classname="api.test.UserTests2" name="testDeleteUserByName" time="1.279"/>
  <system-out/>
</testsuite> <!-- api.test.UserTests2 -->
