<?xml version="1.0" encoding="UTF-8"?>
<!-- Generated by org.testng.reporters.JUnitReportReporter -->
<testsuite hostname="DESKTOP-K9IN149" failures="0" tests="4" name="api.test.UserTests" time="9.771" errors="0" timestamp="2023-02-09T16:36:34 IST" skipped="0">
  <testcase classname="api.test.UserTests" name="testPostUser" time="4.778"/>
  <system-out/>
  <testcase classname="api.test.UserTests" name="testGetUserByName" time="1.318"/>
  <system-out/>
  <testcase classname="api.test.UserTests" name="testUpdateUserByName" time="2.466"/>
  <system-out/>
  <testcase classname="api.test.UserTests" name="testDeleteUserByName" time="1.209"/>
  <system-out/>
</testsuite> <!-- api.test.UserTests -->
