<?xml version="1.0" encoding="UTF-8"?>
<!-- Generated by org.testng.reporters.JUnitReportReporter -->
<testsuite hostname="DESKTOP-K9IN149" failures="0" tests="4" name="api.test.UserTests2" time="10.286" errors="0" timestamp="2023-02-09T17:37:35 IST" skipped="0">
  <testcase classname="api.test.UserTests2" name="testPostUser" time="4.387"/>
  <system-out/>
  <testcase classname="api.test.UserTests2" name="testGetUserByName" time="1.280"/>
  <system-out/>
  <testcase classname="api.test.UserTests2" name="testUpdateUserByName" time="3.369"/>
  <system-out/>
  <testcase classname="api.test.UserTests2" name="testDeleteUserByName" time="1.250"/>
  <system-out/>
</testsuite> <!-- api.test.UserTests2 -->
